<?xml version="1.0" encoding="utf-8"?>
<coverage line-rate="1" branch-rate="1" version="1.9" timestamp="1">
  <sources>
    <source>D:\repo\src\</source>
  </sources>
  <packages>
    <package name="ClearMeasure.Bootcamp.McpServer" line-rate="1" branch-rate="1" complexity="1">
      <classes>
        <class name="ClearMeasure.Bootcamp.McpServer.Tools.WorkOrderCommandExecutor" filename="McpServer\Tools\WorkOrderCommandExecutor.cs" line-rate="1" branch-rate="1" complexity="1">
          <methods>
            <method name="CreateCommand" signature="()" line-rate="1" branch-rate="1" complexity="1">
              <lines>
                <line number="75" hits="1" branch="False" />
              </lines>
            </method>
          </methods>
          <lines>
            <line number="75" hits="1" branch="False" />
          </lines>
        </class>
        <class name="ClearMeasure.Bootcamp.McpServer.Tools.WorkOrderCommandExecutor/&lt;ExecuteCommandAsync&gt;d__8" filename="McpServer\Tools\WorkOrderCommandExecutor.cs" line-rate="1" branch-rate="1" complexity="1">
          <methods>
            <method name="MoveNext" signature="()" line-rate="1" branch-rate="1" complexity="1">
              <lines>
                <line number="90" hits="18" branch="False" />
                <line number="91" hits="18" branch="False" />
              </lines>
            </method>
          </methods>
          <lines>
            <line number="90" hits="18" branch="False" />
            <line number="91" hits="18" branch="False" />
          </lines>
        </class>
      </classes>
    </package>
  </packages>
</coverage>
